Base path: C:/Program Files (x86)/Unity/Editor/Data
Pipe name: \\.\pipe\UnityShaderCompiler-3-3644
Cmd: getPlatforms
Cmd: compileSnippet
  api=8 type=0 insize=3154 outsize=1438 kw= ok=1
Cmd: compileSnippet
  api=8 type=1 insize=3154 outsize=2064 kw= ok=1
Cmd: compileSnippet
  api=1 type=1 insize=3153 outsize=332 kw= ok=1
Cmd: compileSnippet
  api=8 type=0 insize=3198 outsize=1438 kw= ok=1
Cmd: compileSnippet
  api=8 type=0 insize=1001 outsize=1536 kw= ok=1
Cmd: compileSnippet
  api=1 type=1 insize=1354 outsize=582 kw= ok=1
Cmd: compileSnippet
  api=8 type=0 insize=912 outsize=1560 kw= ok=1
Cmd: compileSnippet
  api=8 type=1 insize=912 outsize=1024 kw= ok=1
Cmd: compileSnippet
  api=8 type=0 insize=867 outsize=1560 kw= ok=1
Cmd: compileSnippet
  api=1 type=0 insize=793 outsize=132 kw= ok=1
Cmd: compileSnippet
  api=1 type=0 insize=952 outsize=171 kw= ok=1
Cmd: compileSnippet
  api=1 type=1 insize=952 outsize=126 kw= ok=1
Unhandled exception: Readfile from pipe failed. GLE=Potok zosta³ zakoñczony.


Quitting shader compiler process
