Base path: C:/Program Files (x86)/Unity/Editor/Data
Pipe name: \\.\pipe\UnityShaderCompiler-4-4104
Cmd: getPlatforms
Cmd: compileSnippet
  api=1 type=0 insize=3153 outsize=132 kw= ok=1
Cmd: compileSnippet
  api=1 type=1 insize=3198 outsize=1561 kw= ok=1
Cmd: compileSnippet
  api=8 type=0 insize=1251 outsize=1958 kw= ok=1
Cmd: compileSnippet
  api=8 type=1 insize=1251 outsize=2113 kw= ok=1
Cmd: compileSnippet
  api=1 type=1 insize=1001 outsize=352 kw= ok=1
Cmd: compileSnippet
  api=1 type=0 insize=1354 outsize=379 kw= ok=1
Cmd: compileSnippet
  api=8 type=1 insize=1354 outsize=2917 kw= ok=1
Cmd: compileSnippet
  api=1 type=0 insize=867 outsize=145 kw= ok=1
Cmd: compileSnippet
  api=8 type=1 insize=867 outsize=837 kw= ok=1
Cmd: compileSnippet
  api=8 type=0 insize=793 outsize=1438 kw= ok=1
Cmd: compileSnippet
  api=8 type=1 insize=793 outsize=1373 kw= ok=1
Cmd: compileSnippet
  api=8 type=0 insize=952 outsize=1812 kw= ok=1
Unhandled exception: Readfile from pipe failed. GLE=Potok zosta³ zakoñczony.


Quitting shader compiler process
